<?xml version="1.0" encoding="UTF-8"?>
<coverage generated="1664124855226" clover="3.2.0">
  <project timestamp="1664124855226" name="All files">
    <metrics statements="12" coveredstatements="0" conditionals="4" coveredconditionals="0" methods="6" coveredmethods="0" elements="22" coveredelements="0" complexity="0" loc="12" ncloc="12" packages="1" files="3" classes="3"/>
    <file name="async.js" path="E:\My Study\Self Learning\learn-unit-test-nodeJS\src\async.js">
      <metrics statements="6" coveredstatements="0" conditionals="2" coveredconditionals="0" methods="3" coveredmethods="0"/>
      <line num="1" count="0" type="stmt"/>
      <line num="2" count="0" type="stmt"/>
      <line num="3" count="0" type="stmt"/>
      <line num="4" count="0" type="cond" truecount="0" falsecount="2"/>
      <line num="5" count="0" type="stmt"/>
      <line num="7" count="0" type="stmt"/>
    </file>
    <file name="exceptions.js" path="E:\My Study\Self Learning\learn-unit-test-nodeJS\src\exceptions.js">
      <metrics statements="5" coveredstatements="0" conditionals="2" coveredconditionals="0" methods="2" coveredmethods="0"/>
      <line num="3" count="0" type="stmt"/>
      <line num="7" count="0" type="stmt"/>
      <line num="8" count="0" type="cond" truecount="0" falsecount="2"/>
      <line num="9" count="0" type="stmt"/>
      <line num="12" count="0" type="stmt"/>
    </file>
    <file name="sum.js" path="E:\My Study\Self Learning\learn-unit-test-nodeJS\src\sum.js">
      <metrics statements="1" coveredstatements="0" conditionals="0" coveredconditionals="0" methods="1" coveredmethods="0"/>
      <line num="1" count="0" type="stmt"/>
    </file>
  </project>
</coverage>
